[0.009s] Invoking command in '/home/ychen921/project3_ws/build/turtlebot3_project3': CMAKE_PREFIX_PATH=${CMAKE_PREFIX_PATH}:/opt/ros/galactic /usr/bin/cmake --build /home/ychen921/project3_ws/build/turtlebot3_project3 -- -j20 -l20
[0.043s] -- Found ament_cmake: 1.1.6 (/opt/ros/galactic/share/ament_cmake/cmake)
[0.072s] -- Using PYTHON_EXECUTABLE: /home/ychen921/anaconda3/bin/python3
[0.221s] -- Found DART: /usr/include (Required is at least version "6.6") found components: dart 
[0.316s] CMake Warning at /usr/share/cmake-3.16/Modules/FindProtobuf.cmake:499 (message):
[0.316s]   Protobuf compiler version 3.20.3 doesn't match library version 3.6.1
[0.316s] Call Stack (most recent call first):
[0.316s]   /usr/lib/x86_64-linux-gnu/cmake/gazebo/gazebo-config.cmake:203 (find_package)
[0.316s]   CMakeLists.txt:23 (find_package)
[0.317s] 
[0.317s] 
[0.318s] -- Found Protobuf: /usr/lib/x86_64-linux-gnu/libprotobuf.so;-lpthread (found version "3.6.1") 
[0.323s] -- Looking for ignition-math6 -- found version 6.15.1
[0.336s] -- Searching for dependencies of ignition-math6
[0.340s] -- Looking for OGRE...
[0.346s] -- Found Ogre Ghadamon (1.9.0)
[0.346s] -- Found OGRE: optimized;/usr/lib/x86_64-linux-gnu/libOgreMain.so;debug;/usr/lib/x86_64-linux-gnu/libOgreMain.so
[0.355s] -- Looking for OGRE_Paging...
[0.355s] -- Found OGRE_Paging: optimized;/usr/lib/x86_64-linux-gnu/libOgrePaging.so;debug;/usr/lib/x86_64-linux-gnu/libOgrePaging.so
[0.355s] -- Looking for OGRE_Terrain...
[0.355s] -- Found OGRE_Terrain: optimized;/usr/lib/x86_64-linux-gnu/libOgreTerrain.so;debug;/usr/lib/x86_64-linux-gnu/libOgreTerrain.so
[0.355s] -- Looking for OGRE_Property...
[0.355s] -- Found OGRE_Property: optimized;/usr/lib/x86_64-linux-gnu/libOgreProperty.so;debug;/usr/lib/x86_64-linux-gnu/libOgreProperty.so
[0.355s] -- Looking for OGRE_RTShaderSystem...
[0.355s] -- Found OGRE_RTShaderSystem: optimized;/usr/lib/x86_64-linux-gnu/libOgreRTShaderSystem.so;debug;/usr/lib/x86_64-linux-gnu/libOgreRTShaderSystem.so
[0.355s] -- Looking for OGRE_Volume...
[0.355s] -- Found OGRE_Volume: optimized;/usr/lib/x86_64-linux-gnu/libOgreVolume.so;debug;/usr/lib/x86_64-linux-gnu/libOgreVolume.so
[0.355s] -- Looking for OGRE_Overlay...
[0.355s] -- Found OGRE_Overlay: optimized;/usr/lib/x86_64-linux-gnu/libOgreOverlay.so;debug;/usr/lib/x86_64-linux-gnu/libOgreOverlay.so
[0.457s] -- Looking for ignition-math6 -- found version 6.15.1
[0.473s] -- Looking for ignition-transport8 -- found version 8.3.0
[0.473s] -- Searching for dependencies of ignition-transport8
[0.487s] CMake Warning at /usr/share/cmake-3.16/Modules/FindProtobuf.cmake:499 (message):
[0.487s]   Protobuf compiler version 3.20.3 doesn't match library version 3.6.1
[0.487s] Call Stack (most recent call first):
[0.487s]   /usr/share/cmake/ignition-cmake2/cmake2/FindIgnProtobuf.cmake:34 (find_package)
[0.487s]   /usr/lib/x86_64-linux-gnu/cmake/ignition-transport8/ignition-transport8-config.cmake:92 (find_package)
[0.487s]   /usr/lib/x86_64-linux-gnu/cmake/gazebo/gazebo-config.cmake:235 (find_package)
[0.487s]   CMakeLists.txt:23 (find_package)
[0.487s] 
[0.487s] 
[0.488s] -- Found Protobuf: /usr/lib/x86_64-linux-gnu/libprotobuf.so;-lpthread (found suitable version "3.6.1", minimum required is "3") 
[0.500s] -- Checking for module 'uuid'
[0.516s] --   Found uuid, version 2.34.0
[0.550s] -- Looking for ignition-msgs5 -- found version 5.10.0
[0.550s] -- Searching for dependencies of ignition-msgs5
[0.564s] CMake Warning at /usr/share/cmake-3.16/Modules/FindProtobuf.cmake:499 (message):
[0.564s]   Protobuf compiler version 3.20.3 doesn't match library version 3.6.1
[0.564s] Call Stack (most recent call first):
[0.564s]   /usr/share/cmake/ignition-cmake2/cmake2/FindIgnProtobuf.cmake:34 (find_package)
[0.564s]   /usr/lib/x86_64-linux-gnu/cmake/ignition-msgs5/ignition-msgs5-config.cmake:92 (find_package)
[0.564s]   /usr/lib/x86_64-linux-gnu/cmake/ignition-transport8/ignition-transport8-config.cmake:96 (find_package)
[0.564s]   /usr/lib/x86_64-linux-gnu/cmake/gazebo/gazebo-config.cmake:235 (find_package)
[0.564s]   CMakeLists.txt:23 (find_package)
[0.564s] 
[0.564s] 
[0.565s] -- Looking for ignition-math6 -- found version 6.15.1
[0.571s] -- Checking for module 'tinyxml2'
[0.582s] --   Found tinyxml2, version 6.2.0
[0.626s] -- Looking for ignition-msgs5 -- found version 5.10.0
[0.627s] -- Looking for ignition-common3 -- found version 3.14.2
[0.628s] -- Searching for dependencies of ignition-common3
[0.628s] -- Looking for dlfcn.h - found
[0.628s] -- Looking for libdl - found
[0.640s] -- Searching for <ignition-common3> component [graphics]
[0.641s] -- Looking for ignition-common3-graphics -- found version 3.14.2
[0.641s] -- Searching for dependencies of ignition-common3-graphics
[0.641s] -- Looking for ignition-math6 -- found version 6.15.1
[0.644s] -- Looking for ignition-fuel_tools4 -- found version 4.6.0
[0.644s] -- Searching for dependencies of ignition-fuel_tools4
[0.673s] -- Checking for module 'jsoncpp'
[0.687s] --   Found jsoncpp, version 1.7.4
[0.728s] -- Checking for module 'libzip'
[0.741s] --   Found libzip, version 1.5.1
[0.773s] -- Looking for ignition-common3 -- found version 3.14.2
[0.774s] -- Looking for ignition-math6 -- found version 6.15.1
[0.774s] -- Looking for ignition-msgs5 -- found version 5.10.0
[0.777s] -- Found gazebo_ros_pkgs: 3.5.2 (/opt/ros/galactic/share/gazebo_ros_pkgs/cmake)
[0.777s] -- Found geometry_msgs: 2.2.4 (/opt/ros/galactic/share/geometry_msgs/cmake)
[0.805s] -- Using all available rosidl_typesupport_c: rosidl_typesupport_fastrtps_c;rosidl_typesupport_introspection_c
[0.812s] -- Found rosidl_adapter: 2.2.3 (/opt/ros/galactic/share/rosidl_adapter/cmake)
[0.928s] -- Using all available rosidl_typesupport_cpp: rosidl_typesupport_fastrtps_cpp;rosidl_typesupport_introspection_cpp
[1.004s] -- Found nav_msgs: 2.2.4 (/opt/ros/galactic/share/nav_msgs/cmake)
[1.054s] -- Found rclcpp: 9.2.2 (/opt/ros/galactic/share/rclcpp/cmake)
[1.117s] -- Found rmw_implementation_cmake: 3.3.1 (/opt/ros/galactic/share/rmw_implementation_cmake/cmake)
[1.121s] -- Found rmw_cyclonedds_cpp: 0.22.6 (/opt/ros/galactic/share/rmw_cyclonedds_cpp/cmake)
[1.142s] -- Using RMW implementation 'rmw_cyclonedds_cpp' as default
[1.266s] -- Found sensor_msgs: 2.2.4 (/opt/ros/galactic/share/sensor_msgs/cmake)
[1.316s] -- Found tf2: 0.17.5 (/opt/ros/galactic/share/tf2/cmake)
[1.426s] -- Configuring done
[1.438s] -- Generating done
[1.439s] -- Build files have been written to: /home/ychen921/project3_ws/build/turtlebot3_project3
[1.475s] [100%] Built target turtlebot3_drive
[1.487s] Invoked command in '/home/ychen921/project3_ws/build/turtlebot3_project3' returned '0': CMAKE_PREFIX_PATH=${CMAKE_PREFIX_PATH}:/opt/ros/galactic /usr/bin/cmake --build /home/ychen921/project3_ws/build/turtlebot3_project3 -- -j20 -l20
[1.518s] Invoking command in '/home/ychen921/project3_ws/build/turtlebot3_project3': CMAKE_PREFIX_PATH=${CMAKE_PREFIX_PATH}:/opt/ros/galactic /usr/bin/cmake --install /home/ychen921/project3_ws/build/turtlebot3_project3
[1.525s] -- Install configuration: ""
[1.525s] -- Up-to-date: /home/ychen921/project3_ws/install/turtlebot3_project3/lib/turtlebot3_project3/turtlebot3_drive
[1.525s] -- Up-to-date: /home/ychen921/project3_ws/install/turtlebot3_project3/share/turtlebot3_project3//launch
[1.525s] -- Up-to-date: /home/ychen921/project3_ws/install/turtlebot3_project3/share/turtlebot3_project3//launch/robot_state_publisher.launch.py
[1.526s] -- Up-to-date: /home/ychen921/project3_ws/install/turtlebot3_project3/share/turtlebot3_project3//launch/competition_world.launch.py
[1.526s] -- Up-to-date: /home/ychen921/project3_ws/install/turtlebot3_project3/share/turtlebot3_project3//launch/empty_world.launch.py
[1.526s] -- Up-to-date: /home/ychen921/project3_ws/install/turtlebot3_project3/share/turtlebot3_project3//launch/spawn_turtlebot3.launch.py
[1.526s] -- Up-to-date: /home/ychen921/project3_ws/install/turtlebot3_project3/share/turtlebot3_project3//models
[1.526s] -- Up-to-date: /home/ychen921/project3_ws/install/turtlebot3_project3/share/turtlebot3_project3//models/turtlebot3_world
[1.526s] -- Up-to-date: /home/ychen921/project3_ws/install/turtlebot3_project3/share/turtlebot3_project3//models/turtlebot3_world/meshes
[1.526s] -- Up-to-date: /home/ychen921/project3_ws/install/turtlebot3_project3/share/turtlebot3_project3//models/turtlebot3_world/meshes/hexagon.dae
[1.526s] -- Up-to-date: /home/ychen921/project3_ws/install/turtlebot3_project3/share/turtlebot3_project3//models/turtlebot3_world/meshes/wall.dae
[1.526s] -- Up-to-date: /home/ychen921/project3_ws/install/turtlebot3_project3/share/turtlebot3_project3//models/turtlebot3_world/model.sdf
[1.526s] -- Up-to-date: /home/ychen921/project3_ws/install/turtlebot3_project3/share/turtlebot3_project3//models/turtlebot3_world/model.config
[1.526s] -- Up-to-date: /home/ychen921/project3_ws/install/turtlebot3_project3/share/turtlebot3_project3//models/turtlebot3_world/model-1_4.sdf
[1.526s] -- Up-to-date: /home/ychen921/project3_ws/install/turtlebot3_project3/share/turtlebot3_project3//models/turtlebot3_common
[1.526s] -- Up-to-date: /home/ychen921/project3_ws/install/turtlebot3_project3/share/turtlebot3_project3//models/turtlebot3_common/meshes
[1.527s] -- Up-to-date: /home/ychen921/project3_ws/install/turtlebot3_project3/share/turtlebot3_project3//models/turtlebot3_common/meshes/tire.dae
[1.527s] -- Up-to-date: /home/ychen921/project3_ws/install/turtlebot3_project3/share/turtlebot3_project3//models/turtlebot3_common/meshes/waffle_base.dae
[1.527s] -- Up-to-date: /home/ychen921/project3_ws/install/turtlebot3_project3/share/turtlebot3_project3//models/turtlebot3_common/meshes/waffle_pi_base.dae
[1.527s] -- Up-to-date: /home/ychen921/project3_ws/install/turtlebot3_project3/share/turtlebot3_project3//models/turtlebot3_common/meshes/lds.dae
[1.527s] -- Up-to-date: /home/ychen921/project3_ws/install/turtlebot3_project3/share/turtlebot3_project3//models/turtlebot3_common/meshes/r200.dae
[1.527s] -- Up-to-date: /home/ychen921/project3_ws/install/turtlebot3_project3/share/turtlebot3_project3//models/turtlebot3_common/meshes/burger_base.dae
[1.527s] -- Up-to-date: /home/ychen921/project3_ws/install/turtlebot3_project3/share/turtlebot3_project3//models/turtlebot3_common/model.config
[1.527s] -- Up-to-date: /home/ychen921/project3_ws/install/turtlebot3_project3/share/turtlebot3_project3//models/turtlebot3_waffle
[1.527s] -- Up-to-date: /home/ychen921/project3_ws/install/turtlebot3_project3/share/turtlebot3_project3//models/turtlebot3_waffle/model.sdf
[1.527s] -- Up-to-date: /home/ychen921/project3_ws/install/turtlebot3_project3/share/turtlebot3_project3//models/turtlebot3_waffle/model.config
[1.527s] -- Up-to-date: /home/ychen921/project3_ws/install/turtlebot3_project3/share/turtlebot3_project3//models/turtlebot3_waffle/model-1_4.sdf
[1.527s] -- Up-to-date: /home/ychen921/project3_ws/install/turtlebot3_project3/share/turtlebot3_project3//rviz
[1.527s] -- Up-to-date: /home/ychen921/project3_ws/install/turtlebot3_project3/share/turtlebot3_project3//rviz/tb3_gazebo.rviz
[1.527s] -- Up-to-date: /home/ychen921/project3_ws/install/turtlebot3_project3/share/turtlebot3_project3//urdf
[1.528s] -- Up-to-date: /home/ychen921/project3_ws/install/turtlebot3_project3/share/turtlebot3_project3//urdf/common_properties.urdf
[1.528s] -- Up-to-date: /home/ychen921/project3_ws/install/turtlebot3_project3/share/turtlebot3_project3//urdf/turtlebot3_waffle.urdf
[1.528s] -- Up-to-date: /home/ychen921/project3_ws/install/turtlebot3_project3/share/turtlebot3_project3//worlds
[1.528s] -- Up-to-date: /home/ychen921/project3_ws/install/turtlebot3_project3/share/turtlebot3_project3//worlds/competition_world.world
[1.529s] -- Up-to-date: /home/ychen921/project3_ws/install/turtlebot3_project3/share/turtlebot3_project3//worlds/empty_world.world
[1.530s] -- Up-to-date: /home/ychen921/project3_ws/install/turtlebot3_project3/include/
[1.530s] -- Up-to-date: /home/ychen921/project3_ws/install/turtlebot3_project3/include//turtlebot3_project3
[1.530s] -- Up-to-date: /home/ychen921/project3_ws/install/turtlebot3_project3/include//turtlebot3_project3/turtlebot3_drive.hpp
[1.530s] -- Up-to-date: /home/ychen921/project3_ws/install/turtlebot3_project3/lib/turtlebot3_project3/teleop.py
[1.531s] -- Up-to-date: /home/ychen921/project3_ws/install/turtlebot3_project3/lib/turtlebot3_project3/astar_sim.py
[1.531s] -- Installing: /home/ychen921/project3_ws/install/turtlebot3_project3/lib/turtlebot3_project3/vel_publisher.py
[1.531s] -- Up-to-date: /home/ychen921/project3_ws/install/turtlebot3_project3/share/ament_index/resource_index/package_run_dependencies/turtlebot3_project3
[1.531s] -- Up-to-date: /home/ychen921/project3_ws/install/turtlebot3_project3/share/ament_index/resource_index/parent_prefix_path/turtlebot3_project3
[1.531s] -- Up-to-date: /home/ychen921/project3_ws/install/turtlebot3_project3/share/turtlebot3_project3/environment/ament_prefix_path.sh
[1.532s] -- Installing: /home/ychen921/project3_ws/install/turtlebot3_project3/share/turtlebot3_project3/environment/ament_prefix_path.dsv
[1.532s] -- Up-to-date: /home/ychen921/project3_ws/install/turtlebot3_project3/share/turtlebot3_project3/environment/path.sh
[1.532s] -- Installing: /home/ychen921/project3_ws/install/turtlebot3_project3/share/turtlebot3_project3/environment/path.dsv
[1.532s] -- Up-to-date: /home/ychen921/project3_ws/install/turtlebot3_project3/share/turtlebot3_project3/local_setup.bash
[1.532s] -- Up-to-date: /home/ychen921/project3_ws/install/turtlebot3_project3/share/turtlebot3_project3/local_setup.sh
[1.534s] -- Up-to-date: /home/ychen921/project3_ws/install/turtlebot3_project3/share/turtlebot3_project3/local_setup.zsh
[1.534s] -- Installing: /home/ychen921/project3_ws/install/turtlebot3_project3/share/turtlebot3_project3/local_setup.dsv
[1.534s] -- Installing: /home/ychen921/project3_ws/install/turtlebot3_project3/share/turtlebot3_project3/package.dsv
[1.534s] -- Up-to-date: /home/ychen921/project3_ws/install/turtlebot3_project3/share/ament_index/resource_index/packages/turtlebot3_project3
[1.534s] -- Up-to-date: /home/ychen921/project3_ws/install/turtlebot3_project3/share/turtlebot3_project3/cmake/ament_cmake_export_include_directories-extras.cmake
[1.534s] -- Up-to-date: /home/ychen921/project3_ws/install/turtlebot3_project3/share/turtlebot3_project3/cmake/ament_cmake_export_dependencies-extras.cmake
[1.534s] -- Up-to-date: /home/ychen921/project3_ws/install/turtlebot3_project3/share/turtlebot3_project3/cmake/turtlebot3_project3Config.cmake
[1.534s] -- Up-to-date: /home/ychen921/project3_ws/install/turtlebot3_project3/share/turtlebot3_project3/cmake/turtlebot3_project3Config-version.cmake
[1.535s] -- Up-to-date: /home/ychen921/project3_ws/install/turtlebot3_project3/share/turtlebot3_project3/package.xml
[1.535s] Invoked command in '/home/ychen921/project3_ws/build/turtlebot3_project3' returned '0': CMAKE_PREFIX_PATH=${CMAKE_PREFIX_PATH}:/opt/ros/galactic /usr/bin/cmake --install /home/ychen921/project3_ws/build/turtlebot3_project3
