[0.006s] Invoking command in '/home/ychen921/project3_ws/build/turtlebot3_project3': CMAKE_PREFIX_PATH=/opt/ros/galactic CONDA_PROMPT_MODIFIER=(base) /usr/bin/cmake /home/ychen921/project3_ws/src/turtlebot3_project3 -DCMAKE_INSTALL_PREFIX=/home/ychen921/project3_ws/install/turtlebot3_project3
[0.016s] -- Found ament_cmake: 1.1.6 (/opt/ros/galactic/share/ament_cmake/cmake)
[0.033s] -- Using PYTHON_EXECUTABLE: /home/ychen921/anaconda3/bin/python3
[0.094s] -- Found DART: /usr/include (Required is at least version "6.6") found components: dart 
[0.111s] CMake Warning at /usr/share/cmake-3.16/Modules/FindProtobuf.cmake:499 (message):
[0.111s]   Protobuf compiler version 3.19.1 doesn't match library version 3.6.1
[0.111s] Call Stack (most recent call first):
[0.111s]   /usr/lib/x86_64-linux-gnu/cmake/gazebo/gazebo-config.cmake:203 (find_package)
[0.111s]   CMakeLists.txt:23 (find_package)
[0.112s] 
[0.112s] 
[0.112s] -- Found Protobuf: /usr/lib/x86_64-linux-gnu/libprotobuf.so;-lpthread (found version "3.6.1") 
[0.113s] -- Looking for ignition-math6 -- found version 6.15.1
[0.116s] -- Searching for dependencies of ignition-math6
[0.117s] -- Looking for OGRE...
[0.120s] -- Found Ogre Ghadamon (1.9.0)
[0.120s] -- Found OGRE: optimized;/usr/lib/x86_64-linux-gnu/libOgreMain.so;debug;/usr/lib/x86_64-linux-gnu/libOgreMain.so
[0.126s] -- Looking for OGRE_Paging...
[0.126s] -- Found OGRE_Paging: optimized;/usr/lib/x86_64-linux-gnu/libOgrePaging.so;debug;/usr/lib/x86_64-linux-gnu/libOgrePaging.so
[0.126s] -- Looking for OGRE_Terrain...
[0.126s] -- Found OGRE_Terrain: optimized;/usr/lib/x86_64-linux-gnu/libOgreTerrain.so;debug;/usr/lib/x86_64-linux-gnu/libOgreTerrain.so
[0.126s] -- Looking for OGRE_Property...
[0.126s] -- Found OGRE_Property: optimized;/usr/lib/x86_64-linux-gnu/libOgreProperty.so;debug;/usr/lib/x86_64-linux-gnu/libOgreProperty.so
[0.126s] -- Looking for OGRE_RTShaderSystem...
[0.126s] -- Found OGRE_RTShaderSystem: optimized;/usr/lib/x86_64-linux-gnu/libOgreRTShaderSystem.so;debug;/usr/lib/x86_64-linux-gnu/libOgreRTShaderSystem.so
[0.126s] -- Looking for OGRE_Volume...
[0.126s] -- Found OGRE_Volume: optimized;/usr/lib/x86_64-linux-gnu/libOgreVolume.so;debug;/usr/lib/x86_64-linux-gnu/libOgreVolume.so
[0.126s] -- Looking for OGRE_Overlay...
[0.126s] -- Found OGRE_Overlay: optimized;/usr/lib/x86_64-linux-gnu/libOgreOverlay.so;debug;/usr/lib/x86_64-linux-gnu/libOgreOverlay.so
[0.194s] -- Looking for ignition-math6 -- found version 6.15.1
[0.194s] -- Looking for ignition-transport8 -- found version 8.3.0
[0.194s] -- Searching for dependencies of ignition-transport8
[0.205s] CMake Warning at /usr/share/cmake-3.16/Modules/FindProtobuf.cmake:499 (message):
[0.205s]   Protobuf compiler version 3.19.1 doesn't match library version 3.6.1
[0.205s] Call Stack (most recent call first):
[0.205s]   /usr/share/cmake/ignition-cmake2/cmake2/FindIgnProtobuf.cmake:34 (find_package)
[0.205s]   /usr/lib/x86_64-linux-gnu/cmake/ignition-transport8/ignition-transport8-config.cmake:92 (find_package)
[0.205s]   /usr/lib/x86_64-linux-gnu/cmake/gazebo/gazebo-config.cmake:235 (find_package)
[0.205s]   CMakeLists.txt:23 (find_package)
[0.205s] 
[0.205s] 
[0.205s] -- Found Protobuf: /usr/lib/x86_64-linux-gnu/libprotobuf.so;-lpthread (found suitable version "3.6.1", minimum required is "3") 
[0.209s] -- Checking for module 'uuid'
[0.218s] --   Found uuid, version 2.34.0
[0.240s] -- Looking for ignition-msgs5 -- found version 5.10.0
[0.240s] -- Searching for dependencies of ignition-msgs5
[0.251s] CMake Warning at /usr/share/cmake-3.16/Modules/FindProtobuf.cmake:499 (message):
[0.251s]   Protobuf compiler version 3.19.1 doesn't match library version 3.6.1
[0.251s] Call Stack (most recent call first):
[0.251s]   /usr/share/cmake/ignition-cmake2/cmake2/FindIgnProtobuf.cmake:34 (find_package)
[0.251s]   /usr/lib/x86_64-linux-gnu/cmake/ignition-msgs5/ignition-msgs5-config.cmake:92 (find_package)
[0.251s]   /usr/lib/x86_64-linux-gnu/cmake/ignition-transport8/ignition-transport8-config.cmake:96 (find_package)
[0.251s]   /usr/lib/x86_64-linux-gnu/cmake/gazebo/gazebo-config.cmake:235 (find_package)
[0.251s]   CMakeLists.txt:23 (find_package)
[0.251s] 
[0.251s] 
[0.252s] -- Looking for ignition-math6 -- found version 6.15.1
[0.254s] -- Checking for module 'tinyxml2'
[0.262s] --   Found tinyxml2, version 6.2.0
[0.282s] -- Looking for ignition-msgs5 -- found version 5.10.0
[0.282s] -- Looking for ignition-common3 -- found version 3.14.2
[0.283s] -- Searching for dependencies of ignition-common3
[0.283s] -- Looking for dlfcn.h - found
[0.283s] -- Looking for libdl - found
[0.288s] -- Searching for <ignition-common3> component [graphics]
[0.289s] -- Looking for ignition-common3-graphics -- found version 3.14.2
[0.289s] -- Searching for dependencies of ignition-common3-graphics
[0.289s] -- Looking for ignition-math6 -- found version 6.15.1
[0.290s] -- Looking for ignition-fuel_tools4 -- found version 4.6.0
[0.290s] -- Searching for dependencies of ignition-fuel_tools4
[0.305s] -- Checking for module 'jsoncpp'
[0.313s] --   Found jsoncpp, version 1.7.4
[0.335s] -- Checking for module 'libzip'
[0.342s] --   Found libzip, version 1.5.1
[0.361s] -- Looking for ignition-common3 -- found version 3.14.2
[0.361s] -- Looking for ignition-math6 -- found version 6.15.1
[0.361s] -- Looking for ignition-msgs5 -- found version 5.10.0
[0.362s] -- Found gazebo_ros_pkgs: 3.5.2 (/opt/ros/galactic/share/gazebo_ros_pkgs/cmake)
[0.362s] -- Found geometry_msgs: 2.2.4 (/opt/ros/galactic/share/geometry_msgs/cmake)
[0.370s] -- Using all available rosidl_typesupport_c: rosidl_typesupport_fastrtps_c;rosidl_typesupport_introspection_c
[0.372s] -- Found rosidl_adapter: 2.2.3 (/opt/ros/galactic/share/rosidl_adapter/cmake)
[0.438s] -- Using all available rosidl_typesupport_cpp: rosidl_typesupport_fastrtps_cpp;rosidl_typesupport_introspection_cpp
[0.480s] -- Found nav_msgs: 2.2.4 (/opt/ros/galactic/share/nav_msgs/cmake)
[0.517s] -- Found rclcpp: 9.2.2 (/opt/ros/galactic/share/rclcpp/cmake)
[0.539s] -- Found rmw_implementation_cmake: 3.3.1 (/opt/ros/galactic/share/rmw_implementation_cmake/cmake)
[0.539s] -- Found rmw_cyclonedds_cpp: 0.22.6 (/opt/ros/galactic/share/rmw_cyclonedds_cpp/cmake)
[0.549s] -- Using RMW implementation 'rmw_cyclonedds_cpp' as default
[0.618s] -- Found sensor_msgs: 2.2.4 (/opt/ros/galactic/share/sensor_msgs/cmake)
[0.655s] -- Found tf2: 0.17.5 (/opt/ros/galactic/share/tf2/cmake)
[0.676s] Traceback (most recent call last):
[0.676s]   File "/opt/ros/galactic/share/ament_cmake_core/cmake/core/package_xml_2_cmake.py", line 22, in <module>
[0.676s]     from catkin_pkg.package import evaluate_condition
[0.676s] ModuleNotFoundError: No module named 'catkin_pkg'
[0.678s] CMake Error at /opt/ros/galactic/share/ament_cmake_core/cmake/core/ament_package_xml.cmake:94 (message):
[0.678s]   execute_process(/home/ychen921/anaconda3/bin/python3
[0.678s]   /opt/ros/galactic/share/ament_cmake_core/cmake/core/package_xml_2_cmake.py
[0.678s]   /home/ychen921/project3_ws/src/turtlebot3_project3/package.xml
[0.678s]   /home/ychen921/project3_ws/build/turtlebot3_project3/ament_cmake_core/package.cmake)
[0.678s]   returned error code 1
[0.678s] Call Stack (most recent call first):
[0.678s]   /opt/ros/galactic/share/ament_cmake_core/cmake/core/ament_package_xml.cmake:49 (_ament_package_xml)
[0.678s]   /opt/ros/galactic/share/ament_cmake_core/cmake/core/ament_package.cmake:63 (ament_package_xml)
[0.678s]   CMakeLists.txt:90 (ament_package)
[0.678s] 
[0.678s] 
[0.679s] -- Configuring incomplete, errors occurred!
[0.679s] See also "/home/ychen921/project3_ws/build/turtlebot3_project3/CMakeFiles/CMakeOutput.log".
[0.679s] See also "/home/ychen921/project3_ws/build/turtlebot3_project3/CMakeFiles/CMakeError.log".
[0.685s] Invoked command in '/home/ychen921/project3_ws/build/turtlebot3_project3' returned '1': CMAKE_PREFIX_PATH=/opt/ros/galactic CONDA_PROMPT_MODIFIER=(base) /usr/bin/cmake /home/ychen921/project3_ws/src/turtlebot3_project3 -DCMAKE_INSTALL_PREFIX=/home/ychen921/project3_ws/install/turtlebot3_project3
