-- Found ament_cmake: 1.1.6 (/opt/ros/galactic/share/ament_cmake/cmake)
-- Using PYTHON_EXECUTABLE: /home/ychen921/anaconda3/bin/python3
-- Found DART: /usr/include (Required is at least version "6.6") found components: dart 
CMake Warning at /usr/share/cmake-3.16/Modules/FindProtobuf.cmake:499 (message):
  Protobuf compiler version 3.19.1 doesn't match library version 3.6.1
Call Stack (most recent call first):
  /usr/lib/x86_64-linux-gnu/cmake/gazebo/gazebo-config.cmake:203 (find_package)
  CMakeLists.txt:23 (find_package)


-- Found Protobuf: /usr/lib/x86_64-linux-gnu/libprotobuf.so;-lpthread (found version "3.6.1") 
-- Looking for ignition-math6 -- found version 6.15.1
-- Searching for dependencies of ignition-math6
-- Looking for OGRE...
-- Found Ogre Ghadamon (1.9.0)
-- Found OGRE: optimized;/usr/lib/x86_64-linux-gnu/libOgreMain.so;debug;/usr/lib/x86_64-linux-gnu/libOgreMain.so
-- Looking for OGRE_Paging...
-- Found OGRE_Paging: optimized;/usr/lib/x86_64-linux-gnu/libOgrePaging.so;debug;/usr/lib/x86_64-linux-gnu/libOgrePaging.so
-- Looking for OGRE_Terrain...
-- Found OGRE_Terrain: optimized;/usr/lib/x86_64-linux-gnu/libOgreTerrain.so;debug;/usr/lib/x86_64-linux-gnu/libOgreTerrain.so
-- Looking for OGRE_Property...
-- Found OGRE_Property: optimized;/usr/lib/x86_64-linux-gnu/libOgreProperty.so;debug;/usr/lib/x86_64-linux-gnu/libOgreProperty.so
-- Looking for OGRE_RTShaderSystem...
-- Found OGRE_RTShaderSystem: optimized;/usr/lib/x86_64-linux-gnu/libOgreRTShaderSystem.so;debug;/usr/lib/x86_64-linux-gnu/libOgreRTShaderSystem.so
-- Looking for OGRE_Volume...
-- Found OGRE_Volume: optimized;/usr/lib/x86_64-linux-gnu/libOgreVolume.so;debug;/usr/lib/x86_64-linux-gnu/libOgreVolume.so
-- Looking for OGRE_Overlay...
-- Found OGRE_Overlay: optimized;/usr/lib/x86_64-linux-gnu/libOgreOverlay.so;debug;/usr/lib/x86_64-linux-gnu/libOgreOverlay.so
-- Looking for ignition-math6 -- found version 6.15.1
-- Looking for ignition-transport8 -- found version 8.3.0
-- Searching for dependencies of ignition-transport8
CMake Warning at /usr/share/cmake-3.16/Modules/FindProtobuf.cmake:499 (message):
  Protobuf compiler version 3.19.1 doesn't match library version 3.6.1
Call Stack (most recent call first):
  /usr/share/cmake/ignition-cmake2/cmake2/FindIgnProtobuf.cmake:34 (find_package)
  /usr/lib/x86_64-linux-gnu/cmake/ignition-transport8/ignition-transport8-config.cmake:92 (find_package)
  /usr/lib/x86_64-linux-gnu/cmake/gazebo/gazebo-config.cmake:235 (find_package)
  CMakeLists.txt:23 (find_package)


-- Found Protobuf: /usr/lib/x86_64-linux-gnu/libprotobuf.so;-lpthread (found suitable version "3.6.1", minimum required is "3") 
-- Checking for module 'uuid'
--   Found uuid, version 2.34.0
-- Looking for ignition-msgs5 -- found version 5.10.0
-- Searching for dependencies of ignition-msgs5
CMake Warning at /usr/share/cmake-3.16/Modules/FindProtobuf.cmake:499 (message):
  Protobuf compiler version 3.19.1 doesn't match library version 3.6.1
Call Stack (most recent call first):
  /usr/share/cmake/ignition-cmake2/cmake2/FindIgnProtobuf.cmake:34 (find_package)
  /usr/lib/x86_64-linux-gnu/cmake/ignition-msgs5/ignition-msgs5-config.cmake:92 (find_package)
  /usr/lib/x86_64-linux-gnu/cmake/ignition-transport8/ignition-transport8-config.cmake:96 (find_package)
  /usr/lib/x86_64-linux-gnu/cmake/gazebo/gazebo-config.cmake:235 (find_package)
  CMakeLists.txt:23 (find_package)


-- Looking for ignition-math6 -- found version 6.15.1
-- Checking for module 'tinyxml2'
--   Found tinyxml2, version 6.2.0
-- Looking for ignition-msgs5 -- found version 5.10.0
-- Looking for ignition-common3 -- found version 3.14.2
-- Searching for dependencies of ignition-common3
-- Looking for dlfcn.h - found
-- Looking for libdl - found
-- Searching for <ignition-common3> component [graphics]
-- Looking for ignition-common3-graphics -- found version 3.14.2
-- Searching for dependencies of ignition-common3-graphics
-- Looking for ignition-math6 -- found version 6.15.1
-- Looking for ignition-fuel_tools4 -- found version 4.6.0
-- Searching for dependencies of ignition-fuel_tools4
-- Checking for module 'jsoncpp'
--   Found jsoncpp, version 1.7.4
-- Checking for module 'libzip'
--   Found libzip, version 1.5.1
-- Looking for ignition-common3 -- found version 3.14.2
-- Looking for ignition-math6 -- found version 6.15.1
-- Looking for ignition-msgs5 -- found version 5.10.0
-- Found gazebo_ros_pkgs: 3.5.2 (/opt/ros/galactic/share/gazebo_ros_pkgs/cmake)
-- Found geometry_msgs: 2.2.4 (/opt/ros/galactic/share/geometry_msgs/cmake)
-- Using all available rosidl_typesupport_c: rosidl_typesupport_fastrtps_c;rosidl_typesupport_introspection_c
-- Found rosidl_adapter: 2.2.3 (/opt/ros/galactic/share/rosidl_adapter/cmake)
-- Using all available rosidl_typesupport_cpp: rosidl_typesupport_fastrtps_cpp;rosidl_typesupport_introspection_cpp
-- Found nav_msgs: 2.2.4 (/opt/ros/galactic/share/nav_msgs/cmake)
-- Found rclcpp: 9.2.2 (/opt/ros/galactic/share/rclcpp/cmake)
-- Found rmw_implementation_cmake: 3.3.1 (/opt/ros/galactic/share/rmw_implementation_cmake/cmake)
-- Found rmw_cyclonedds_cpp: 0.22.6 (/opt/ros/galactic/share/rmw_cyclonedds_cpp/cmake)
-- Using RMW implementation 'rmw_cyclonedds_cpp' as default
-- Found sensor_msgs: 2.2.4 (/opt/ros/galactic/share/sensor_msgs/cmake)
-- Found tf2: 0.17.5 (/opt/ros/galactic/share/tf2/cmake)
-- Configuring done
-- Generating done
-- Build files have been written to: /home/ychen921/project3_ws/build/turtlebot3_project3
[35m[1mScanning dependencies of target turtlebot3_drive[0m
[ 50%] [32mBuilding CXX object CMakeFiles/turtlebot3_drive.dir/src/turtlebot3_drive.cpp.o[0m
[100%] [32m[1mLinking CXX executable turtlebot3_drive[0m
[100%] Built target turtlebot3_drive
-- Install configuration: ""
-- Installing: /home/ychen921/project3_ws/install/turtlebot3_project3/lib/turtlebot3_project3/turtlebot3_drive
-- Set runtime path of "/home/ychen921/project3_ws/install/turtlebot3_project3/lib/turtlebot3_project3/turtlebot3_drive" to ""
-- Installing: /home/ychen921/project3_ws/install/turtlebot3_project3/share/turtlebot3_project3//launch
-- Installing: /home/ychen921/project3_ws/install/turtlebot3_project3/share/turtlebot3_project3//launch/robot_state_publisher.launch.py
-- Installing: /home/ychen921/project3_ws/install/turtlebot3_project3/share/turtlebot3_project3//launch/competition_world.launch.py
-- Installing: /home/ychen921/project3_ws/install/turtlebot3_project3/share/turtlebot3_project3//launch/empty_world.launch.py
-- Installing: /home/ychen921/project3_ws/install/turtlebot3_project3/share/turtlebot3_project3//launch/spawn_turtlebot3.launch.py
-- Installing: /home/ychen921/project3_ws/install/turtlebot3_project3/share/turtlebot3_project3//models
-- Installing: /home/ychen921/project3_ws/install/turtlebot3_project3/share/turtlebot3_project3//models/turtlebot3_world
-- Installing: /home/ychen921/project3_ws/install/turtlebot3_project3/share/turtlebot3_project3//models/turtlebot3_world/meshes
-- Installing: /home/ychen921/project3_ws/install/turtlebot3_project3/share/turtlebot3_project3//models/turtlebot3_world/meshes/hexagon.dae
-- Installing: /home/ychen921/project3_ws/install/turtlebot3_project3/share/turtlebot3_project3//models/turtlebot3_world/meshes/wall.dae
-- Installing: /home/ychen921/project3_ws/install/turtlebot3_project3/share/turtlebot3_project3//models/turtlebot3_world/model.sdf
-- Installing: /home/ychen921/project3_ws/install/turtlebot3_project3/share/turtlebot3_project3//models/turtlebot3_world/model.config
-- Installing: /home/ychen921/project3_ws/install/turtlebot3_project3/share/turtlebot3_project3//models/turtlebot3_world/model-1_4.sdf
-- Installing: /home/ychen921/project3_ws/install/turtlebot3_project3/share/turtlebot3_project3//models/turtlebot3_common
-- Installing: /home/ychen921/project3_ws/install/turtlebot3_project3/share/turtlebot3_project3//models/turtlebot3_common/meshes
-- Installing: /home/ychen921/project3_ws/install/turtlebot3_project3/share/turtlebot3_project3//models/turtlebot3_common/meshes/tire.dae
-- Installing: /home/ychen921/project3_ws/install/turtlebot3_project3/share/turtlebot3_project3//models/turtlebot3_common/meshes/waffle_base.dae
-- Installing: /home/ychen921/project3_ws/install/turtlebot3_project3/share/turtlebot3_project3//models/turtlebot3_common/meshes/waffle_pi_base.dae
-- Installing: /home/ychen921/project3_ws/install/turtlebot3_project3/share/turtlebot3_project3//models/turtlebot3_common/meshes/lds.dae
-- Installing: /home/ychen921/project3_ws/install/turtlebot3_project3/share/turtlebot3_project3//models/turtlebot3_common/meshes/r200.dae
-- Installing: /home/ychen921/project3_ws/install/turtlebot3_project3/share/turtlebot3_project3//models/turtlebot3_common/meshes/burger_base.dae
-- Installing: /home/ychen921/project3_ws/install/turtlebot3_project3/share/turtlebot3_project3//models/turtlebot3_common/model.config
-- Installing: /home/ychen921/project3_ws/install/turtlebot3_project3/share/turtlebot3_project3//models/turtlebot3_waffle
-- Installing: /home/ychen921/project3_ws/install/turtlebot3_project3/share/turtlebot3_project3//models/turtlebot3_waffle/model.sdf
-- Installing: /home/ychen921/project3_ws/install/turtlebot3_project3/share/turtlebot3_project3//models/turtlebot3_waffle/model.config
-- Installing: /home/ychen921/project3_ws/install/turtlebot3_project3/share/turtlebot3_project3//models/turtlebot3_waffle/model-1_4.sdf
-- Installing: /home/ychen921/project3_ws/install/turtlebot3_project3/share/turtlebot3_project3//rviz
-- Installing: /home/ychen921/project3_ws/install/turtlebot3_project3/share/turtlebot3_project3//rviz/tb3_gazebo.rviz
-- Installing: /home/ychen921/project3_ws/install/turtlebot3_project3/share/turtlebot3_project3//urdf
-- Installing: /home/ychen921/project3_ws/install/turtlebot3_project3/share/turtlebot3_project3//urdf/common_properties.urdf
-- Installing: /home/ychen921/project3_ws/install/turtlebot3_project3/share/turtlebot3_project3//urdf/turtlebot3_waffle.urdf
-- Installing: /home/ychen921/project3_ws/install/turtlebot3_project3/share/turtlebot3_project3//worlds
-- Installing: /home/ychen921/project3_ws/install/turtlebot3_project3/share/turtlebot3_project3//worlds/competition_world.world
-- Installing: /home/ychen921/project3_ws/install/turtlebot3_project3/share/turtlebot3_project3//worlds/empty_world.world
-- Installing: /home/ychen921/project3_ws/install/turtlebot3_project3/include/
-- Installing: /home/ychen921/project3_ws/install/turtlebot3_project3/include//turtlebot3_project3
-- Installing: /home/ychen921/project3_ws/install/turtlebot3_project3/include//turtlebot3_project3/turtlebot3_drive.hpp
-- Installing: /home/ychen921/project3_ws/install/turtlebot3_project3/lib/turtlebot3_project3/teleop.py
-- Installing: /home/ychen921/project3_ws/install/turtlebot3_project3/share/ament_index/resource_index/package_run_dependencies/turtlebot3_project3
-- Installing: /home/ychen921/project3_ws/install/turtlebot3_project3/share/ament_index/resource_index/parent_prefix_path/turtlebot3_project3
-- Installing: /home/ychen921/project3_ws/install/turtlebot3_project3/share/turtlebot3_project3/environment/ament_prefix_path.sh
-- Installing: /home/ychen921/project3_ws/install/turtlebot3_project3/share/turtlebot3_project3/environment/ament_prefix_path.dsv
-- Installing: /home/ychen921/project3_ws/install/turtlebot3_project3/share/turtlebot3_project3/environment/path.sh
-- Installing: /home/ychen921/project3_ws/install/turtlebot3_project3/share/turtlebot3_project3/environment/path.dsv
-- Installing: /home/ychen921/project3_ws/install/turtlebot3_project3/share/turtlebot3_project3/local_setup.bash
-- Installing: /home/ychen921/project3_ws/install/turtlebot3_project3/share/turtlebot3_project3/local_setup.sh
-- Installing: /home/ychen921/project3_ws/install/turtlebot3_project3/share/turtlebot3_project3/local_setup.zsh
-- Installing: /home/ychen921/project3_ws/install/turtlebot3_project3/share/turtlebot3_project3/local_setup.dsv
-- Installing: /home/ychen921/project3_ws/install/turtlebot3_project3/share/turtlebot3_project3/package.dsv
-- Installing: /home/ychen921/project3_ws/install/turtlebot3_project3/share/ament_index/resource_index/packages/turtlebot3_project3
-- Installing: /home/ychen921/project3_ws/install/turtlebot3_project3/share/turtlebot3_project3/cmake/ament_cmake_export_include_directories-extras.cmake
-- Installing: /home/ychen921/project3_ws/install/turtlebot3_project3/share/turtlebot3_project3/cmake/ament_cmake_export_dependencies-extras.cmake
-- Installing: /home/ychen921/project3_ws/install/turtlebot3_project3/share/turtlebot3_project3/cmake/turtlebot3_project3Config.cmake
-- Installing: /home/ychen921/project3_ws/install/turtlebot3_project3/share/turtlebot3_project3/cmake/turtlebot3_project3Config-version.cmake
-- Installing: /home/ychen921/project3_ws/install/turtlebot3_project3/share/turtlebot3_project3/package.xml
