[1.063s] DEBUG:colcon:Command line arguments: ['/usr/bin/colcon', 'build', '--packages-select', 'turtlebot3_project3']
[1.064s] DEBUG:colcon:Parsed command line arguments: Namespace(allow_overriding=[], ament_cmake_args=None, base_paths=['.'], build_base='build', catkin_cmake_args=None, catkin_skip_building_tests=False, cmake_args=None, cmake_clean_cache=False, cmake_clean_first=False, cmake_force_configure=False, cmake_target=None, cmake_target_skip_unavailable=False, continue_on_error=False, event_handlers=None, executor='parallel', ignore_user_meta=False, install_base='install', log_base=None, log_level=None, main=<bound method BuildVerb.main of <colcon_core.verb.build.BuildVerb object at 0x7fcde8066d60>>, merge_install=False, metas=['./colcon.meta'], packages_above=None, packages_above_and_dependencies=None, packages_above_depth=None, packages_end=None, packages_ignore=None, packages_ignore_regex=None, packages_select=['turtlebot3_project3'], packages_select_build_failed=False, packages_select_by_dep=None, packages_select_regex=None, packages_select_test_failures=False, packages_skip=None, packages_skip_build_finished=False, packages_skip_by_dep=None, packages_skip_regex=None, packages_skip_test_passed=False, packages_skip_up_to=None, packages_start=None, packages_up_to=None, packages_up_to_regex=None, parallel_workers=20, paths=None, symlink_install=False, test_result_base=None, verb_extension=<colcon_core.verb.build.BuildVerb object at 0x7fcde8066d60>, verb_name='build', verb_parser=<colcon_defaults.argument_parser.defaults.DefaultArgumentsDecorator object at 0x7fcde7f21040>)
[1.269s] Level 1:colcon.colcon_core.package_discovery:discover_packages(colcon_meta) check parameters
[1.269s] Level 1:colcon.colcon_core.package_discovery:discover_packages(recursive) check parameters
[1.269s] Level 1:colcon.colcon_core.package_discovery:discover_packages(ignore) check parameters
[1.269s] Level 1:colcon.colcon_core.package_discovery:discover_packages(path) check parameters
[1.269s] Level 1:colcon.colcon_core.package_discovery:discover_packages(colcon_meta) discover
[1.269s] Level 1:colcon.colcon_core.package_discovery:discover_packages(recursive) discover
[1.269s] INFO:colcon.colcon_core.package_discovery:Crawling recursively for packages in '/home/ychen921/project3_ws'
[1.269s] Level 1:colcon.colcon_core.package_identification:_identify(.) by extensions ['ignore', 'ignore_ament_install']
[1.269s] Level 1:colcon.colcon_core.package_identification:_identify(.) by extension 'ignore'
[1.270s] Level 1:colcon.colcon_core.package_identification:_identify(.) by extension 'ignore_ament_install'
[1.270s] Level 1:colcon.colcon_core.package_identification:_identify(.) by extensions ['colcon_pkg']
[1.270s] Level 1:colcon.colcon_core.package_identification:_identify(.) by extension 'colcon_pkg'
[1.270s] Level 1:colcon.colcon_core.package_identification:_identify(.) by extensions ['colcon_meta']
[1.270s] Level 1:colcon.colcon_core.package_identification:_identify(.) by extension 'colcon_meta'
[1.270s] Level 1:colcon.colcon_core.package_identification:_identify(.) by extensions ['ros']
[1.270s] Level 1:colcon.colcon_core.package_identification:_identify(.) by extension 'ros'
[1.291s] Level 1:colcon.colcon_core.package_identification:_identify(.) by extensions ['cmake', 'python']
[1.291s] Level 1:colcon.colcon_core.package_identification:_identify(.) by extension 'cmake'
[1.291s] Level 1:colcon.colcon_core.package_identification:_identify(.) by extension 'python'
[1.291s] Level 1:colcon.colcon_core.package_identification:_identify(.) by extensions ['python_setup_py']
[1.291s] Level 1:colcon.colcon_core.package_identification:_identify(.) by extension 'python_setup_py'
[1.291s] Level 1:colcon.colcon_core.package_identification:_identify(build) by extensions ['ignore', 'ignore_ament_install']
[1.291s] Level 1:colcon.colcon_core.package_identification:_identify(build) by extension 'ignore'
[1.291s] Level 1:colcon.colcon_core.package_identification:_identify(build) ignored
[1.291s] Level 1:colcon.colcon_core.package_identification:_identify(install) by extensions ['ignore', 'ignore_ament_install']
[1.291s] Level 1:colcon.colcon_core.package_identification:_identify(install) by extension 'ignore'
[1.291s] Level 1:colcon.colcon_core.package_identification:_identify(install) ignored
[1.291s] Level 1:colcon.colcon_core.package_identification:_identify(log) by extensions ['ignore', 'ignore_ament_install']
[1.291s] Level 1:colcon.colcon_core.package_identification:_identify(log) by extension 'ignore'
[1.291s] Level 1:colcon.colcon_core.package_identification:_identify(log) ignored
[1.291s] Level 1:colcon.colcon_core.package_identification:_identify(src) by extensions ['ignore', 'ignore_ament_install']
[1.291s] Level 1:colcon.colcon_core.package_identification:_identify(src) by extension 'ignore'
[1.291s] Level 1:colcon.colcon_core.package_identification:_identify(src) by extension 'ignore_ament_install'
[1.291s] Level 1:colcon.colcon_core.package_identification:_identify(src) by extensions ['colcon_pkg']
[1.292s] Level 1:colcon.colcon_core.package_identification:_identify(src) by extension 'colcon_pkg'
[1.292s] Level 1:colcon.colcon_core.package_identification:_identify(src) by extensions ['colcon_meta']
[1.292s] Level 1:colcon.colcon_core.package_identification:_identify(src) by extension 'colcon_meta'
[1.292s] Level 1:colcon.colcon_core.package_identification:_identify(src) by extensions ['ros']
[1.292s] Level 1:colcon.colcon_core.package_identification:_identify(src) by extension 'ros'
[1.292s] Level 1:colcon.colcon_core.package_identification:_identify(src) by extensions ['cmake', 'python']
[1.292s] Level 1:colcon.colcon_core.package_identification:_identify(src) by extension 'cmake'
[1.292s] Level 1:colcon.colcon_core.package_identification:_identify(src) by extension 'python'
[1.292s] Level 1:colcon.colcon_core.package_identification:_identify(src) by extensions ['python_setup_py']
[1.292s] Level 1:colcon.colcon_core.package_identification:_identify(src) by extension 'python_setup_py'
[1.292s] Level 1:colcon.colcon_core.package_identification:_identify(src/turtlebot3_project3) by extensions ['ignore', 'ignore_ament_install']
[1.292s] Level 1:colcon.colcon_core.package_identification:_identify(src/turtlebot3_project3) by extension 'ignore'
[1.292s] Level 1:colcon.colcon_core.package_identification:_identify(src/turtlebot3_project3) by extension 'ignore_ament_install'
[1.292s] Level 1:colcon.colcon_core.package_identification:_identify(src/turtlebot3_project3) by extensions ['colcon_pkg']
[1.292s] Level 1:colcon.colcon_core.package_identification:_identify(src/turtlebot3_project3) by extension 'colcon_pkg'
[1.292s] Level 1:colcon.colcon_core.package_identification:_identify(src/turtlebot3_project3) by extensions ['colcon_meta']
[1.292s] Level 1:colcon.colcon_core.package_identification:_identify(src/turtlebot3_project3) by extension 'colcon_meta'
[1.292s] Level 1:colcon.colcon_core.package_identification:_identify(src/turtlebot3_project3) by extensions ['ros']
[1.292s] Level 1:colcon.colcon_core.package_identification:_identify(src/turtlebot3_project3) by extension 'ros'
[1.296s] DEBUG:colcon.colcon_core.package_identification:Package 'src/turtlebot3_project3' with type 'ros.ament_cmake' and name 'turtlebot3_project3'
[1.296s] Level 1:colcon.colcon_core.package_discovery:discover_packages(recursive) using defaults
[1.296s] Level 1:colcon.colcon_core.package_discovery:discover_packages(ignore) discover
[1.296s] Level 1:colcon.colcon_core.package_discovery:discover_packages(ignore) using defaults
[1.296s] Level 1:colcon.colcon_core.package_discovery:discover_packages(path) discover
[1.296s] Level 1:colcon.colcon_core.package_discovery:discover_packages(path) using defaults
[1.348s] Level 1:colcon.colcon_core.package_discovery:discover_packages(prefix_path) check parameters
[1.348s] Level 1:colcon.colcon_core.package_discovery:discover_packages(prefix_path) discover
[1.352s] DEBUG:colcon.colcon_installed_package_information.package_discovery:Found 275 installed packages in /opt/ros/galactic
[1.353s] Level 1:colcon.colcon_core.package_discovery:discover_packages(prefix_path) using defaults
[1.419s] Level 5:colcon.colcon_core.verb:set package 'turtlebot3_project3' build argument 'cmake_args' from command line to 'None'
[1.419s] Level 5:colcon.colcon_core.verb:set package 'turtlebot3_project3' build argument 'cmake_target' from command line to 'None'
[1.419s] Level 5:colcon.colcon_core.verb:set package 'turtlebot3_project3' build argument 'cmake_target_skip_unavailable' from command line to 'False'
[1.419s] Level 5:colcon.colcon_core.verb:set package 'turtlebot3_project3' build argument 'cmake_clean_cache' from command line to 'False'
[1.419s] Level 5:colcon.colcon_core.verb:set package 'turtlebot3_project3' build argument 'cmake_clean_first' from command line to 'False'
[1.419s] Level 5:colcon.colcon_core.verb:set package 'turtlebot3_project3' build argument 'cmake_force_configure' from command line to 'False'
[1.419s] Level 5:colcon.colcon_core.verb:set package 'turtlebot3_project3' build argument 'ament_cmake_args' from command line to 'None'
[1.419s] Level 5:colcon.colcon_core.verb:set package 'turtlebot3_project3' build argument 'catkin_cmake_args' from command line to 'None'
[1.419s] Level 5:colcon.colcon_core.verb:set package 'turtlebot3_project3' build argument 'catkin_skip_building_tests' from command line to 'False'
[1.419s] DEBUG:colcon.colcon_core.verb:Building package 'turtlebot3_project3' with the following arguments: {'ament_cmake_args': None, 'build_base': '/home/ychen921/project3_ws/build/turtlebot3_project3', 'catkin_cmake_args': None, 'catkin_skip_building_tests': False, 'cmake_args': None, 'cmake_clean_cache': False, 'cmake_clean_first': False, 'cmake_force_configure': False, 'cmake_target': None, 'cmake_target_skip_unavailable': False, 'install_base': '/home/ychen921/project3_ws/install/turtlebot3_project3', 'merge_install': False, 'path': '/home/ychen921/project3_ws/src/turtlebot3_project3', 'symlink_install': False, 'test_result_base': None}
[1.419s] INFO:colcon.colcon_core.executor:Executing jobs using 'parallel' executor
[1.421s] DEBUG:colcon.colcon_parallel_executor.executor.parallel:run_until_complete
[1.421s] INFO:colcon.colcon_ros.task.ament_cmake.build:Building ROS package in '/home/ychen921/project3_ws/src/turtlebot3_project3' with build type 'ament_cmake'
[1.421s] INFO:colcon.colcon_cmake.task.cmake.build:Building CMake package in '/home/ychen921/project3_ws/src/turtlebot3_project3'
[1.428s] INFO:colcon.colcon_core.plugin_system:Skipping extension 'colcon_core.shell.bat': Not used on non-Windows systems
[1.428s] INFO:colcon.colcon_core.shell:Skip shell extension 'powershell' for command environment: Not usable outside of PowerShell
[1.428s] DEBUG:colcon.colcon_core.shell:Skip shell extension 'dsv' for command environment
[1.438s] DEBUG:colcon.colcon_core.event_handler.log_command:Invoking command in '/home/ychen921/project3_ws/build/turtlebot3_project3': CMAKE_PREFIX_PATH=/opt/ros/galactic CONDA_PROMPT_MODIFIER=(base) /usr/bin/cmake /home/ychen921/project3_ws/src/turtlebot3_project3 -DCMAKE_INSTALL_PREFIX=/home/ychen921/project3_ws/install/turtlebot3_project3
[3.072s] DEBUG:colcon.colcon_core.event_handler.log_command:Invoked command in '/home/ychen921/project3_ws/build/turtlebot3_project3' returned '0': CMAKE_PREFIX_PATH=/opt/ros/galactic CONDA_PROMPT_MODIFIER=(base) /usr/bin/cmake /home/ychen921/project3_ws/src/turtlebot3_project3 -DCMAKE_INSTALL_PREFIX=/home/ychen921/project3_ws/install/turtlebot3_project3
[3.074s] DEBUG:colcon.colcon_core.event_handler.log_command:Invoking command in '/home/ychen921/project3_ws/build/turtlebot3_project3': CMAKE_PREFIX_PATH=/opt/ros/galactic CONDA_PROMPT_MODIFIER=(base) /usr/bin/cmake --build /home/ychen921/project3_ws/build/turtlebot3_project3 -- -j20 -l20
[9.533s] DEBUG:colcon.colcon_core.event_handler.log_command:Invoked command in '/home/ychen921/project3_ws/build/turtlebot3_project3' returned '0': CMAKE_PREFIX_PATH=/opt/ros/galactic CONDA_PROMPT_MODIFIER=(base) /usr/bin/cmake --build /home/ychen921/project3_ws/build/turtlebot3_project3 -- -j20 -l20
[9.554s] DEBUG:colcon.colcon_core.event_handler.log_command:Invoking command in '/home/ychen921/project3_ws/build/turtlebot3_project3': CMAKE_PREFIX_PATH=/opt/ros/galactic CONDA_PROMPT_MODIFIER=(base) /usr/bin/cmake --install /home/ychen921/project3_ws/build/turtlebot3_project3
[9.594s] Level 1:colcon.colcon_core.environment:create_environment_scripts_only(turtlebot3_project3)
[9.594s] DEBUG:colcon.colcon_core.event_handler.log_command:Invoked command in '/home/ychen921/project3_ws/build/turtlebot3_project3' returned '0': CMAKE_PREFIX_PATH=/opt/ros/galactic CONDA_PROMPT_MODIFIER=(base) /usr/bin/cmake --install /home/ychen921/project3_ws/build/turtlebot3_project3
[9.604s] Level 1:colcon.colcon_core.environment:checking '/home/ychen921/project3_ws/install/turtlebot3_project3' for CMake module files
[9.604s] Level 1:colcon.colcon_core.environment:checking '/home/ychen921/project3_ws/install/turtlebot3_project3' for CMake config files
[9.605s] Level 1:colcon.colcon_core.shell:create_environment_hook('turtlebot3_project3', 'cmake_prefix_path')
[9.605s] INFO:colcon.colcon_core.shell:Creating environment hook '/home/ychen921/project3_ws/install/turtlebot3_project3/share/turtlebot3_project3/hook/cmake_prefix_path.ps1'
[9.606s] INFO:colcon.colcon_core.shell:Creating environment descriptor '/home/ychen921/project3_ws/install/turtlebot3_project3/share/turtlebot3_project3/hook/cmake_prefix_path.dsv'
[9.607s] INFO:colcon.colcon_core.shell:Creating environment hook '/home/ychen921/project3_ws/install/turtlebot3_project3/share/turtlebot3_project3/hook/cmake_prefix_path.sh'
[9.608s] Level 1:colcon.colcon_core.environment:checking '/home/ychen921/project3_ws/install/turtlebot3_project3/lib'
[9.609s] Level 1:colcon.colcon_core.environment:checking '/home/ychen921/project3_ws/install/turtlebot3_project3/bin'
[9.609s] Level 1:colcon.colcon_core.environment:checking '/home/ychen921/project3_ws/install/turtlebot3_project3/lib/pkgconfig/turtlebot3_project3.pc'
[9.609s] Level 1:colcon.colcon_core.environment:checking '/home/ychen921/project3_ws/install/turtlebot3_project3/lib/python3.8/site-packages'
[9.609s] Level 1:colcon.colcon_core.environment:checking '/home/ychen921/project3_ws/install/turtlebot3_project3/bin'
[9.609s] INFO:colcon.colcon_core.shell:Creating package script '/home/ychen921/project3_ws/install/turtlebot3_project3/share/turtlebot3_project3/package.ps1'
[9.610s] INFO:colcon.colcon_core.shell:Creating package descriptor '/home/ychen921/project3_ws/install/turtlebot3_project3/share/turtlebot3_project3/package.dsv'
[9.611s] INFO:colcon.colcon_core.shell:Creating package script '/home/ychen921/project3_ws/install/turtlebot3_project3/share/turtlebot3_project3/package.sh'
[9.612s] INFO:colcon.colcon_core.shell:Creating package script '/home/ychen921/project3_ws/install/turtlebot3_project3/share/turtlebot3_project3/package.bash'
[9.613s] INFO:colcon.colcon_core.shell:Creating package script '/home/ychen921/project3_ws/install/turtlebot3_project3/share/turtlebot3_project3/package.zsh'
[9.614s] Level 1:colcon.colcon_core.environment:create_file_with_runtime_dependencies(/home/ychen921/project3_ws/install/turtlebot3_project3/share/colcon-core/packages/turtlebot3_project3)
[9.629s] Level 1:colcon.colcon_core.environment:create_environment_scripts_only(turtlebot3_project3)
[9.629s] Level 1:colcon.colcon_core.environment:checking '/home/ychen921/project3_ws/install/turtlebot3_project3' for CMake module files
[9.630s] Level 1:colcon.colcon_core.environment:checking '/home/ychen921/project3_ws/install/turtlebot3_project3' for CMake config files
[9.630s] Level 1:colcon.colcon_core.shell:create_environment_hook('turtlebot3_project3', 'cmake_prefix_path')
[9.630s] INFO:colcon.colcon_core.shell:Creating environment hook '/home/ychen921/project3_ws/install/turtlebot3_project3/share/turtlebot3_project3/hook/cmake_prefix_path.ps1'
[9.630s] INFO:colcon.colcon_core.shell:Creating environment descriptor '/home/ychen921/project3_ws/install/turtlebot3_project3/share/turtlebot3_project3/hook/cmake_prefix_path.dsv'
[9.630s] INFO:colcon.colcon_core.shell:Creating environment hook '/home/ychen921/project3_ws/install/turtlebot3_project3/share/turtlebot3_project3/hook/cmake_prefix_path.sh'
[9.631s] Level 1:colcon.colcon_core.environment:checking '/home/ychen921/project3_ws/install/turtlebot3_project3/lib'
[9.631s] Level 1:colcon.colcon_core.environment:checking '/home/ychen921/project3_ws/install/turtlebot3_project3/bin'
[9.631s] Level 1:colcon.colcon_core.environment:checking '/home/ychen921/project3_ws/install/turtlebot3_project3/lib/pkgconfig/turtlebot3_project3.pc'
[9.631s] Level 1:colcon.colcon_core.environment:checking '/home/ychen921/project3_ws/install/turtlebot3_project3/lib/python3.8/site-packages'
[9.631s] Level 1:colcon.colcon_core.environment:checking '/home/ychen921/project3_ws/install/turtlebot3_project3/bin'
[9.631s] INFO:colcon.colcon_core.shell:Creating package script '/home/ychen921/project3_ws/install/turtlebot3_project3/share/turtlebot3_project3/package.ps1'
[9.632s] INFO:colcon.colcon_core.shell:Creating package descriptor '/home/ychen921/project3_ws/install/turtlebot3_project3/share/turtlebot3_project3/package.dsv'
[9.632s] INFO:colcon.colcon_core.shell:Creating package script '/home/ychen921/project3_ws/install/turtlebot3_project3/share/turtlebot3_project3/package.sh'
[9.632s] INFO:colcon.colcon_core.shell:Creating package script '/home/ychen921/project3_ws/install/turtlebot3_project3/share/turtlebot3_project3/package.bash'
[9.632s] INFO:colcon.colcon_core.shell:Creating package script '/home/ychen921/project3_ws/install/turtlebot3_project3/share/turtlebot3_project3/package.zsh'
[9.632s] Level 1:colcon.colcon_core.environment:create_file_with_runtime_dependencies(/home/ychen921/project3_ws/install/turtlebot3_project3/share/colcon-core/packages/turtlebot3_project3)
[9.633s] DEBUG:colcon.colcon_parallel_executor.executor.parallel:closing loop
[9.633s] DEBUG:colcon.colcon_parallel_executor.executor.parallel:loop closed
[9.633s] DEBUG:colcon.colcon_parallel_executor.executor.parallel:run_until_complete finished with '0'
[9.633s] DEBUG:colcon.colcon_core.event_reactor:joining thread
[9.657s] INFO:colcon.colcon_core.plugin_system:Skipping extension 'colcon_notification.desktop_notification.terminal_notifier': Not used on non-Darwin systems
[9.657s] INFO:colcon.colcon_core.plugin_system:Skipping extension 'colcon_notification.desktop_notification.win32': Not used on non-Windows systems
[9.657s] INFO:colcon.colcon_notification.desktop_notification:Sending desktop notification using 'notify2'
[9.780s] DEBUG:colcon.colcon_core.event_reactor:joined thread
[9.780s] INFO:colcon.colcon_core.shell:Creating prefix script '/home/ychen921/project3_ws/install/local_setup.ps1'
[9.781s] INFO:colcon.colcon_core.shell:Creating prefix util module '/home/ychen921/project3_ws/install/_local_setup_util_ps1.py'
[9.782s] INFO:colcon.colcon_core.shell:Creating prefix chain script '/home/ychen921/project3_ws/install/setup.ps1'
[9.783s] INFO:colcon.colcon_core.shell:Creating prefix script '/home/ychen921/project3_ws/install/local_setup.sh'
[9.784s] INFO:colcon.colcon_core.shell:Creating prefix util module '/home/ychen921/project3_ws/install/_local_setup_util_sh.py'
[9.784s] INFO:colcon.colcon_core.shell:Creating prefix chain script '/home/ychen921/project3_ws/install/setup.sh'
[9.785s] INFO:colcon.colcon_core.shell:Creating prefix script '/home/ychen921/project3_ws/install/local_setup.bash'
[9.786s] INFO:colcon.colcon_core.shell:Creating prefix chain script '/home/ychen921/project3_ws/install/setup.bash'
[9.787s] INFO:colcon.colcon_core.shell:Creating prefix script '/home/ychen921/project3_ws/install/local_setup.zsh'
[9.788s] INFO:colcon.colcon_core.shell:Creating prefix chain script '/home/ychen921/project3_ws/install/setup.zsh'
