[100%] Built target turtlebot3_drive
-- Install configuration: ""
-- Up-to-date: /home/ychen921/project3_ws/install/turtlebot3_project3/lib/turtlebot3_project3/turtlebot3_drive
-- Up-to-date: /home/ychen921/project3_ws/install/turtlebot3_project3/share/turtlebot3_project3//launch
-- Up-to-date: /home/ychen921/project3_ws/install/turtlebot3_project3/share/turtlebot3_project3//launch/robot_state_publisher.launch.py
-- Up-to-date: /home/ychen921/project3_ws/install/turtlebot3_project3/share/turtlebot3_project3//launch/competition_world.launch.py
-- Up-to-date: /home/ychen921/project3_ws/install/turtlebot3_project3/share/turtlebot3_project3//launch/empty_world.launch.py
-- Up-to-date: /home/ychen921/project3_ws/install/turtlebot3_project3/share/turtlebot3_project3//launch/spawn_turtlebot3.launch.py
-- Up-to-date: /home/ychen921/project3_ws/install/turtlebot3_project3/share/turtlebot3_project3//models
-- Up-to-date: /home/ychen921/project3_ws/install/turtlebot3_project3/share/turtlebot3_project3//models/turtlebot3_world
-- Up-to-date: /home/ychen921/project3_ws/install/turtlebot3_project3/share/turtlebot3_project3//models/turtlebot3_world/meshes
-- Up-to-date: /home/ychen921/project3_ws/install/turtlebot3_project3/share/turtlebot3_project3//models/turtlebot3_world/meshes/hexagon.dae
-- Up-to-date: /home/ychen921/project3_ws/install/turtlebot3_project3/share/turtlebot3_project3//models/turtlebot3_world/meshes/wall.dae
-- Up-to-date: /home/ychen921/project3_ws/install/turtlebot3_project3/share/turtlebot3_project3//models/turtlebot3_world/model.sdf
-- Up-to-date: /home/ychen921/project3_ws/install/turtlebot3_project3/share/turtlebot3_project3//models/turtlebot3_world/model.config
-- Up-to-date: /home/ychen921/project3_ws/install/turtlebot3_project3/share/turtlebot3_project3//models/turtlebot3_world/model-1_4.sdf
-- Up-to-date: /home/ychen921/project3_ws/install/turtlebot3_project3/share/turtlebot3_project3//models/turtlebot3_common
-- Up-to-date: /home/ychen921/project3_ws/install/turtlebot3_project3/share/turtlebot3_project3//models/turtlebot3_common/meshes
-- Up-to-date: /home/ychen921/project3_ws/install/turtlebot3_project3/share/turtlebot3_project3//models/turtlebot3_common/meshes/tire.dae
-- Up-to-date: /home/ychen921/project3_ws/install/turtlebot3_project3/share/turtlebot3_project3//models/turtlebot3_common/meshes/waffle_base.dae
-- Up-to-date: /home/ychen921/project3_ws/install/turtlebot3_project3/share/turtlebot3_project3//models/turtlebot3_common/meshes/waffle_pi_base.dae
-- Up-to-date: /home/ychen921/project3_ws/install/turtlebot3_project3/share/turtlebot3_project3//models/turtlebot3_common/meshes/lds.dae
-- Up-to-date: /home/ychen921/project3_ws/install/turtlebot3_project3/share/turtlebot3_project3//models/turtlebot3_common/meshes/r200.dae
-- Up-to-date: /home/ychen921/project3_ws/install/turtlebot3_project3/share/turtlebot3_project3//models/turtlebot3_common/meshes/burger_base.dae
-- Up-to-date: /home/ychen921/project3_ws/install/turtlebot3_project3/share/turtlebot3_project3//models/turtlebot3_common/model.config
-- Up-to-date: /home/ychen921/project3_ws/install/turtlebot3_project3/share/turtlebot3_project3//models/turtlebot3_waffle
-- Up-to-date: /home/ychen921/project3_ws/install/turtlebot3_project3/share/turtlebot3_project3//models/turtlebot3_waffle/model.sdf
-- Up-to-date: /home/ychen921/project3_ws/install/turtlebot3_project3/share/turtlebot3_project3//models/turtlebot3_waffle/model.config
-- Up-to-date: /home/ychen921/project3_ws/install/turtlebot3_project3/share/turtlebot3_project3//models/turtlebot3_waffle/model-1_4.sdf
-- Up-to-date: /home/ychen921/project3_ws/install/turtlebot3_project3/share/turtlebot3_project3//rviz
-- Up-to-date: /home/ychen921/project3_ws/install/turtlebot3_project3/share/turtlebot3_project3//rviz/tb3_gazebo.rviz
-- Up-to-date: /home/ychen921/project3_ws/install/turtlebot3_project3/share/turtlebot3_project3//urdf
-- Up-to-date: /home/ychen921/project3_ws/install/turtlebot3_project3/share/turtlebot3_project3//urdf/common_properties.urdf
-- Up-to-date: /home/ychen921/project3_ws/install/turtlebot3_project3/share/turtlebot3_project3//urdf/turtlebot3_waffle.urdf
-- Up-to-date: /home/ychen921/project3_ws/install/turtlebot3_project3/share/turtlebot3_project3//worlds
-- Up-to-date: /home/ychen921/project3_ws/install/turtlebot3_project3/share/turtlebot3_project3//worlds/competition_world.world
-- Up-to-date: /home/ychen921/project3_ws/install/turtlebot3_project3/share/turtlebot3_project3//worlds/empty_world.world
-- Up-to-date: /home/ychen921/project3_ws/install/turtlebot3_project3/include/
-- Up-to-date: /home/ychen921/project3_ws/install/turtlebot3_project3/include//turtlebot3_project3
-- Up-to-date: /home/ychen921/project3_ws/install/turtlebot3_project3/include//turtlebot3_project3/turtlebot3_drive.hpp
-- Up-to-date: /home/ychen921/project3_ws/install/turtlebot3_project3/lib/turtlebot3_project3/teleop.py
-- Up-to-date: /home/ychen921/project3_ws/install/turtlebot3_project3/share/ament_index/resource_index/package_run_dependencies/turtlebot3_project3
-- Up-to-date: /home/ychen921/project3_ws/install/turtlebot3_project3/share/ament_index/resource_index/parent_prefix_path/turtlebot3_project3
-- Up-to-date: /home/ychen921/project3_ws/install/turtlebot3_project3/share/turtlebot3_project3/environment/ament_prefix_path.sh
-- Up-to-date: /home/ychen921/project3_ws/install/turtlebot3_project3/share/turtlebot3_project3/environment/ament_prefix_path.dsv
-- Up-to-date: /home/ychen921/project3_ws/install/turtlebot3_project3/share/turtlebot3_project3/environment/path.sh
-- Up-to-date: /home/ychen921/project3_ws/install/turtlebot3_project3/share/turtlebot3_project3/environment/path.dsv
-- Up-to-date: /home/ychen921/project3_ws/install/turtlebot3_project3/share/turtlebot3_project3/local_setup.bash
-- Up-to-date: /home/ychen921/project3_ws/install/turtlebot3_project3/share/turtlebot3_project3/local_setup.sh
-- Up-to-date: /home/ychen921/project3_ws/install/turtlebot3_project3/share/turtlebot3_project3/local_setup.zsh
-- Up-to-date: /home/ychen921/project3_ws/install/turtlebot3_project3/share/turtlebot3_project3/local_setup.dsv
-- Installing: /home/ychen921/project3_ws/install/turtlebot3_project3/share/turtlebot3_project3/package.dsv
-- Up-to-date: /home/ychen921/project3_ws/install/turtlebot3_project3/share/ament_index/resource_index/packages/turtlebot3_project3
-- Up-to-date: /home/ychen921/project3_ws/install/turtlebot3_project3/share/turtlebot3_project3/cmake/ament_cmake_export_include_directories-extras.cmake
-- Up-to-date: /home/ychen921/project3_ws/install/turtlebot3_project3/share/turtlebot3_project3/cmake/ament_cmake_export_dependencies-extras.cmake
-- Up-to-date: /home/ychen921/project3_ws/install/turtlebot3_project3/share/turtlebot3_project3/cmake/turtlebot3_project3Config.cmake
-- Up-to-date: /home/ychen921/project3_ws/install/turtlebot3_project3/share/turtlebot3_project3/cmake/turtlebot3_project3Config-version.cmake
-- Up-to-date: /home/ychen921/project3_ws/install/turtlebot3_project3/share/turtlebot3_project3/package.xml
